<?xml version="1.0" encoding="UTF-8"?>
<testsuite xmlns:xsi="http://www.w3.org/2001/XMLSchema-instance" xsi:noNamespaceSchemaLocation="https://maven.apache.org/surefire/maven-surefire-plugin/xsd/surefire-test-report.xsd" name="com.peter.circuitbreakermicroservice.CircuitBreakerMicroserviceApplicationTests" time="20.447" tests="1" errors="0" skipped="0" failures="0">
  <properties>
    <property name="gopherProxySet" value="false"/>
    <property name="awt.toolkit" value="sun.lwawt.macosx.LWCToolkit"/>
    <property name="file.encoding.pkg" value="sun.io"/>
    <property name="java.specification.version" value="1.8"/>
    <property name="sun.cpu.isalist" value=""/>
    <property name="sun.jnu.encoding" value="UTF-8"/>
    <property name="java.class.path" value="/Users/derrickanderson/Desktop/LNL/Circuit-Breaker-To-Read-List/target/test-classes:/Users/derrickanderson/Desktop/LNL/Circuit-Breaker-To-Read-List/target/classes:/Users/derrickanderson/.m2/repository/org/springframework/boot/spring-boot-starter-actuator/2.1.1.RELEASE/spring-boot-starter-actuator-2.1.1.RELEASE.jar:/Users/derrickanderson/.m2/repository/org/springframework/boot/spring-boot-starter/2.1.1.RELEASE/spring-boot-starter-2.1.1.RELEASE.jar:/Users/derrickanderson/.m2/repository/org/springframework/boot/spring-boot/2.1.1.RELEASE/spring-boot-2.1.1.RELEASE.jar:/Users/derrickanderson/.m2/repository/org/springframework/boot/spring-boot-autoconfigure/2.1.1.RELEASE/spring-boot-autoconfigure-2.1.1.RELEASE.jar:/Users/derrickanderson/.m2/repository/org/springframework/boot/spring-boot-starter-logging/2.1.1.RELEASE/spring-boot-starter-logging-2.1.1.RELEASE.jar:/Users/derrickanderson/.m2/repository/ch/qos/logback/logback-classic/1.2.3/logback-classic-1.2.3.jar:/Users/derrickanderson/.m2/repository/ch/qos/logback/logback-core/1.2.3/logback-core-1.2.3.jar:/Users/derrickanderson/.m2/repository/org/apache/logging/log4j/log4j-to-slf4j/2.11.1/log4j-to-slf4j-2.11.1.jar:/Users/derrickanderson/.m2/repository/org/apache/logging/log4j/log4j-api/2.11.1/log4j-api-2.11.1.jar:/Users/derrickanderson/.m2/repository/org/slf4j/jul-to-slf4j/1.7.25/jul-to-slf4j-1.7.25.jar:/Users/derrickanderson/.m2/repository/javax/annotation/javax.annotation-api/1.3.2/javax.annotation-api-1.3.2.jar:/Users/derrickanderson/.m2/repository/org/yaml/snakeyaml/1.23/snakeyaml-1.23.jar:/Users/derrickanderson/.m2/repository/org/springframework/boot/spring-boot-actuator-autoconfigure/2.1.1.RELEASE/spring-boot-actuator-autoconfigure-2.1.1.RELEASE.jar:/Users/derrickanderson/.m2/repository/org/springframework/boot/spring-boot-actuator/2.1.1.RELEASE/spring-boot-actuator-2.1.1.RELEASE.jar:/Users/derrickanderson/.m2/repository/com/fasterxml/jackson/core/jackson-databind/2.9.7/jackson-databind-2.9.7.jar:/Users/derrickanderson/.m2/repository/org/springframework/spring-context/5.1.3.RELEASE/spring-context-5.1.3.RELEASE.jar:/Users/derrickanderson/.m2/repository/com/fasterxml/jackson/datatype/jackson-datatype-jsr310/2.9.7/jackson-datatype-jsr310-2.9.7.jar:/Users/derrickanderson/.m2/repository/io/micrometer/micrometer-core/1.1.1/micrometer-core-1.1.1.jar:/Users/derrickanderson/.m2/repository/org/hdrhistogram/HdrHistogram/2.1.9/HdrHistogram-2.1.9.jar:/Users/derrickanderson/.m2/repository/org/latencyutils/LatencyUtils/2.0.3/LatencyUtils-2.0.3.jar:/Users/derrickanderson/.m2/repository/org/springframework/boot/spring-boot-starter-web/2.1.1.RELEASE/spring-boot-starter-web-2.1.1.RELEASE.jar:/Users/derrickanderson/.m2/repository/org/springframework/boot/spring-boot-starter-json/2.1.1.RELEASE/spring-boot-starter-json-2.1.1.RELEASE.jar:/Users/derrickanderson/.m2/repository/com/fasterxml/jackson/datatype/jackson-datatype-jdk8/2.9.7/jackson-datatype-jdk8-2.9.7.jar:/Users/derrickanderson/.m2/repository/com/fasterxml/jackson/module/jackson-module-parameter-names/2.9.7/jackson-module-parameter-names-2.9.7.jar:/Users/derrickanderson/.m2/repository/org/springframework/boot/spring-boot-starter-tomcat/2.1.1.RELEASE/spring-boot-starter-tomcat-2.1.1.RELEASE.jar:/Users/derrickanderson/.m2/repository/org/apache/tomcat/embed/tomcat-embed-core/9.0.13/tomcat-embed-core-9.0.13.jar:/Users/derrickanderson/.m2/repository/org/apache/tomcat/embed/tomcat-embed-el/9.0.13/tomcat-embed-el-9.0.13.jar:/Users/derrickanderson/.m2/repository/org/apache/tomcat/embed/tomcat-embed-websocket/9.0.13/tomcat-embed-websocket-9.0.13.jar:/Users/derrickanderson/.m2/repository/org/hibernate/validator/hibernate-validator/6.0.13.Final/hibernate-validator-6.0.13.Final.jar:/Users/derrickanderson/.m2/repository/javax/validation/validation-api/2.0.1.Final/validation-api-2.0.1.Final.jar:/Users/derrickanderson/.m2/repository/org/jboss/logging/jboss-logging/3.3.2.Final/jboss-logging-3.3.2.Final.jar:/Users/derrickanderson/.m2/repository/com/fasterxml/classmate/1.4.0/classmate-1.4.0.jar:/Users/derrickanderson/.m2/repository/org/springframework/spring-web/5.1.3.RELEASE/spring-web-5.1.3.RELEASE.jar:/Users/derrickanderson/.m2/repository/org/springframework/spring-beans/5.1.3.RELEASE/spring-beans-5.1.3.RELEASE.jar:/Users/derrickanderson/.m2/repository/org/springframework/spring-webmvc/5.1.3.RELEASE/spring-webmvc-5.1.3.RELEASE.jar:/Users/derrickanderson/.m2/repository/org/springframework/spring-aop/5.1.3.RELEASE/spring-aop-5.1.3.RELEASE.jar:/Users/derrickanderson/.m2/repository/org/springframework/spring-expression/5.1.3.RELEASE/spring-expression-5.1.3.RELEASE.jar:/Users/derrickanderson/.m2/repository/org/springframework/cloud/spring-cloud-starter-netflix-hystrix/2.1.0.RELEASE/spring-cloud-starter-netflix-hystrix-2.1.0.RELEASE.jar:/Users/derrickanderson/.m2/repository/org/springframework/cloud/spring-cloud-starter/2.1.0.RELEASE/spring-cloud-starter-2.1.0.RELEASE.jar:/Users/derrickanderson/.m2/repository/org/springframework/cloud/spring-cloud-context/2.1.0.RELEASE/spring-cloud-context-2.1.0.RELEASE.jar:/Users/derrickanderson/.m2/repository/org/springframework/security/spring-security-crypto/5.1.2.RELEASE/spring-security-crypto-5.1.2.RELEASE.jar:/Users/derrickanderson/.m2/repository/org/springframework/cloud/spring-cloud-commons/2.1.0.RELEASE/spring-cloud-commons-2.1.0.RELEASE.jar:/Users/derrickanderson/.m2/repository/org/springframework/security/spring-security-rsa/1.0.7.RELEASE/spring-security-rsa-1.0.7.RELEASE.jar:/Users/derrickanderson/.m2/repository/org/bouncycastle/bcpkix-jdk15on/1.60/bcpkix-jdk15on-1.60.jar:/Users/derrickanderson/.m2/repository/org/bouncycastle/bcprov-jdk15on/1.60/bcprov-jdk15on-1.60.jar:/Users/derrickanderson/.m2/repository/org/springframework/cloud/spring-cloud-netflix-hystrix/2.1.0.RELEASE/spring-cloud-netflix-hystrix-2.1.0.RELEASE.jar:/Users/derrickanderson/.m2/repository/org/springframework/boot/spring-boot-starter-aop/2.1.1.RELEASE/spring-boot-starter-aop-2.1.1.RELEASE.jar:/Users/derrickanderson/.m2/repository/org/springframework/cloud/spring-cloud-netflix-ribbon/2.1.0.RELEASE/spring-cloud-netflix-ribbon-2.1.0.RELEASE.jar:/Users/derrickanderson/.m2/repository/org/springframework/cloud/spring-cloud-netflix-archaius/2.1.0.RELEASE/spring-cloud-netflix-archaius-2.1.0.RELEASE.jar:/Users/derrickanderson/.m2/repository/org/springframework/cloud/spring-cloud-starter-netflix-archaius/2.1.0.RELEASE/spring-cloud-starter-netflix-archaius-2.1.0.RELEASE.jar:/Users/derrickanderson/.m2/repository/com/netflix/archaius/archaius-core/0.7.6/archaius-core-0.7.6.jar:/Users/derrickanderson/.m2/repository/com/google/code/findbugs/jsr305/3.0.1/jsr305-3.0.1.jar:/Users/derrickanderson/.m2/repository/commons-configuration/commons-configuration/1.8/commons-configuration-1.8.jar:/Users/derrickanderson/.m2/repository/commons-lang/commons-lang/2.6/commons-lang-2.6.jar:/Users/derrickanderson/.m2/repository/com/netflix/hystrix/hystrix-core/1.5.18/hystrix-core-1.5.18.jar:/Users/derrickanderson/.m2/repository/org/slf4j/slf4j-api/1.7.25/slf4j-api-1.7.25.jar:/Users/derrickanderson/.m2/repository/io/reactivex/rxjava/1.3.8/rxjava-1.3.8.jar:/Users/derrickanderson/.m2/repository/com/netflix/hystrix/hystrix-serialization/1.5.18/hystrix-serialization-1.5.18.jar:/Users/derrickanderson/.m2/repository/com/fasterxml/jackson/module/jackson-module-afterburner/2.9.7/jackson-module-afterburner-2.9.7.jar:/Users/derrickanderson/.m2/repository/com/fasterxml/jackson/core/jackson-core/2.9.7/jackson-core-2.9.7.jar:/Users/derrickanderson/.m2/repository/com/fasterxml/jackson/core/jackson-annotations/2.9.0/jackson-annotations-2.9.0.jar:/Users/derrickanderson/.m2/repository/com/netflix/hystrix/hystrix-metrics-event-stream/1.5.18/hystrix-metrics-event-stream-1.5.18.jar:/Users/derrickanderson/.m2/repository/com/netflix/hystrix/hystrix-javanica/1.5.18/hystrix-javanica-1.5.18.jar:/Users/derrickanderson/.m2/repository/org/apache/commons/commons-lang3/3.8.1/commons-lang3-3.8.1.jar:/Users/derrickanderson/.m2/repository/org/ow2/asm/asm/5.0.4/asm-5.0.4.jar:/Users/derrickanderson/.m2/repository/org/aspectj/aspectjweaver/1.9.2/aspectjweaver-1.9.2.jar:/Users/derrickanderson/.m2/repository/com/google/guava/guava/15.0/guava-15.0.jar:/Users/derrickanderson/.m2/repository/io/reactivex/rxjava-reactive-streams/1.2.1/rxjava-reactive-streams-1.2.1.jar:/Users/derrickanderson/.m2/repository/org/reactivestreams/reactive-streams/1.0.2/reactive-streams-1.0.2.jar:/Users/derrickanderson/.m2/repository/org/springframework/cloud/spring-cloud-starter-netflix-hystrix-dashboard/2.1.0.RELEASE/spring-cloud-starter-netflix-hystrix-dashboard-2.1.0.RELEASE.jar:/Users/derrickanderson/.m2/repository/org/springframework/cloud/spring-cloud-netflix-hystrix-dashboard/2.1.0.RELEASE/spring-cloud-netflix-hystrix-dashboard-2.1.0.RELEASE.jar:/Users/derrickanderson/.m2/repository/org/springframework/boot/spring-boot-starter-freemarker/2.1.1.RELEASE/spring-boot-starter-freemarker-2.1.1.RELEASE.jar:/Users/derrickanderson/.m2/repository/org/freemarker/freemarker/2.3.28/freemarker-2.3.28.jar:/Users/derrickanderson/.m2/repository/org/springframework/spring-context-support/5.1.3.RELEASE/spring-context-support-5.1.3.RELEASE.jar:/Users/derrickanderson/.m2/repository/org/apache/httpcomponents/httpclient/4.5.6/httpclient-4.5.6.jar:/Users/derrickanderson/.m2/repository/org/apache/httpcomponents/httpcore/4.4.10/httpcore-4.4.10.jar:/Users/derrickanderson/.m2/repository/commons-codec/commons-codec/1.11/commons-codec-1.11.jar:/Users/derrickanderson/.m2/repository/org/webjars/jquery/2.1.1/jquery-2.1.1.jar:/Users/derrickanderson/.m2/repository/org/webjars/d3js/3.4.11/d3js-3.4.11.jar:/Users/derrickanderson/.m2/repository/io/pivotal/spring/cloud/spring-cloud-services-starter-circuit-breaker/2.1.2.RELEASE/spring-cloud-services-starter-circuit-breaker-2.1.2.RELEASE.jar:/Users/derrickanderson/.m2/repository/org/springframework/cloud/spring-cloud-netflix-hystrix-stream/2.1.0.RELEASE/spring-cloud-netflix-hystrix-stream-2.1.0.RELEASE.jar:/Users/derrickanderson/.m2/repository/org/springframework/cloud/spring-cloud-stream/2.1.0.RELEASE/spring-cloud-stream-2.1.0.RELEASE.jar:/Users/derrickanderson/.m2/repository/org/springframework/boot/spring-boot-starter-validation/2.1.1.RELEASE/spring-boot-starter-validation-2.1.1.RELEASE.jar:/Users/derrickanderson/.m2/repository/org/springframework/spring-messaging/5.1.3.RELEASE/spring-messaging-5.1.3.RELEASE.jar:/Users/derrickanderson/.m2/repository/org/springframework/integration/spring-integration-core/5.1.1.RELEASE/spring-integration-core-5.1.1.RELEASE.jar:/Users/derrickanderson/.m2/repository/org/springframework/spring-tx/5.1.3.RELEASE/spring-tx-5.1.3.RELEASE.jar:/Users/derrickanderson/.m2/repository/io/projectreactor/reactor-core/3.2.3.RELEASE/reactor-core-3.2.3.RELEASE.jar:/Users/derrickanderson/.m2/repository/org/springframework/integration/spring-integration-jmx/5.1.1.RELEASE/spring-integration-jmx-5.1.1.RELEASE.jar:/Users/derrickanderson/.m2/repository/org/springframework/spring-tuple/1.0.0.RELEASE/spring-tuple-1.0.0.RELEASE.jar:/Users/derrickanderson/.m2/repository/com/esotericsoftware/kryo-shaded/3.0.3/kryo-shaded-3.0.3.jar:/Users/derrickanderson/.m2/repository/com/esotericsoftware/minlog/1.3.0/minlog-1.3.0.jar:/Users/derrickanderson/.m2/repository/org/springframework/integration/spring-integration-tuple/1.0.0.RELEASE/spring-integration-tuple-1.0.0.RELEASE.jar:/Users/derrickanderson/.m2/repository/org/springframework/retry/spring-retry/1.2.2.RELEASE/spring-retry-1.2.2.RELEASE.jar:/Users/derrickanderson/.m2/repository/org/springframework/cloud/spring-cloud-function-context/2.0.0.RELEASE/spring-cloud-function-context-2.0.0.RELEASE.jar:/Users/derrickanderson/.m2/repository/org/springframework/cloud/spring-cloud-function-core/2.0.0.RELEASE/spring-cloud-function-core-2.0.0.RELEASE.jar:/Users/derrickanderson/.m2/repository/org/springframework/cloud/spring-cloud-starter-stream-rabbit/2.1.0.RELEASE/spring-cloud-starter-stream-rabbit-2.1.0.RELEASE.jar:/Users/derrickanderson/.m2/repository/org/springframework/cloud/spring-cloud-stream-binder-rabbit/2.1.0.RELEASE/spring-cloud-stream-binder-rabbit-2.1.0.RELEASE.jar:/Users/derrickanderson/.m2/repository/org/springframework/cloud/spring-cloud-stream-binder-rabbit-core/2.1.0.RELEASE/spring-cloud-stream-binder-rabbit-core-2.1.0.RELEASE.jar:/Users/derrickanderson/.m2/repository/com/rabbitmq/http-client/2.1.0.RELEASE/http-client-2.1.0.RELEASE.jar:/Users/derrickanderson/.m2/repository/org/springframework/boot/spring-boot-starter-amqp/2.1.1.RELEASE/spring-boot-starter-amqp-2.1.1.RELEASE.jar:/Users/derrickanderson/.m2/repository/org/springframework/amqp/spring-rabbit/2.1.2.RELEASE/spring-rabbit-2.1.2.RELEASE.jar:/Users/derrickanderson/.m2/repository/org/springframework/amqp/spring-amqp/2.1.2.RELEASE/spring-amqp-2.1.2.RELEASE.jar:/Users/derrickanderson/.m2/repository/com/rabbitmq/amqp-client/5.4.3/amqp-client-5.4.3.jar:/Users/derrickanderson/.m2/repository/org/springframework/integration/spring-integration-amqp/5.1.1.RELEASE/spring-integration-amqp-5.1.1.RELEASE.jar:/Users/derrickanderson/.m2/repository/io/pivotal/spring/cloud/spring-cloud-services-cloudfoundry-connector/2.1.1.RELEASE/spring-cloud-services-cloudfoundry-connector-2.1.1.RELEASE.jar:/Users/derrickanderson/.m2/repository/io/pivotal/spring/cloud/spring-cloud-services-connector-core/2.1.1.RELEASE/spring-cloud-services-connector-core-2.1.1.RELEASE.jar:/Users/derrickanderson/.m2/repository/org/springframework/cloud/spring-cloud-connectors-core/2.0.4.RELEASE/spring-cloud-connectors-core-2.0.4.RELEASE.jar:/Users/derrickanderson/.m2/repository/org/springframework/cloud/spring-cloud-cloudfoundry-connector/2.0.4.RELEASE/spring-cloud-cloudfoundry-connector-2.0.4.RELEASE.jar:/Users/derrickanderson/.m2/repository/io/pivotal/spring/cloud/spring-cloud-services-spring-connector/2.1.1.RELEASE/spring-cloud-services-spring-connector-2.1.1.RELEASE.jar:/Users/derrickanderson/.m2/repository/org/springframework/cloud/spring-cloud-spring-service-connector/2.0.4.RELEASE/spring-cloud-spring-service-connector-2.0.4.RELEASE.jar:/Users/derrickanderson/.m2/repository/io/pivotal/spring/cloud/cloudfoundry-certificate-truster/1.0.1.RELEASE/cloudfoundry-certificate-truster-1.0.1.RELEASE.jar:/Users/derrickanderson/.m2/repository/org/springframework/boot/spring-boot-starter-test/2.1.1.RELEASE/spring-boot-starter-test-2.1.1.RELEASE.jar:/Users/derrickanderson/.m2/repository/org/springframework/boot/spring-boot-test/2.1.1.RELEASE/spring-boot-test-2.1.1.RELEASE.jar:/Users/derrickanderson/.m2/repository/org/springframework/boot/spring-boot-test-autoconfigure/2.1.1.RELEASE/spring-boot-test-autoconfigure-2.1.1.RELEASE.jar:/Users/derrickanderson/.m2/repository/com/jayway/jsonpath/json-path/2.4.0/json-path-2.4.0.jar:/Users/derrickanderson/.m2/repository/net/minidev/json-smart/2.3/json-smart-2.3.jar:/Users/derrickanderson/.m2/repository/net/minidev/accessors-smart/1.2/accessors-smart-1.2.jar:/Users/derrickanderson/.m2/repository/junit/junit/4.12/junit-4.12.jar:/Users/derrickanderson/.m2/repository/org/assertj/assertj-core/3.11.1/assertj-core-3.11.1.jar:/Users/derrickanderson/.m2/repository/org/mockito/mockito-core/2.23.4/mockito-core-2.23.4.jar:/Users/derrickanderson/.m2/repository/net/bytebuddy/byte-buddy/1.9.5/byte-buddy-1.9.5.jar:/Users/derrickanderson/.m2/repository/net/bytebuddy/byte-buddy-agent/1.9.5/byte-buddy-agent-1.9.5.jar:/Users/derrickanderson/.m2/repository/org/objenesis/objenesis/2.6/objenesis-2.6.jar:/Users/derrickanderson/.m2/repository/org/hamcrest/hamcrest-core/1.3/hamcrest-core-1.3.jar:/Users/derrickanderson/.m2/repository/org/hamcrest/hamcrest-library/1.3/hamcrest-library-1.3.jar:/Users/derrickanderson/.m2/repository/org/skyscreamer/jsonassert/1.5.0/jsonassert-1.5.0.jar:/Users/derrickanderson/.m2/repository/com/vaadin/external/google/android-json/0.0.20131108.vaadin1/android-json-0.0.20131108.vaadin1.jar:/Users/derrickanderson/.m2/repository/org/springframework/spring-core/5.1.3.RELEASE/spring-core-5.1.3.RELEASE.jar:/Users/derrickanderson/.m2/repository/org/springframework/spring-jcl/5.1.3.RELEASE/spring-jcl-5.1.3.RELEASE.jar:/Users/derrickanderson/.m2/repository/org/springframework/spring-test/5.1.3.RELEASE/spring-test-5.1.3.RELEASE.jar:/Users/derrickanderson/.m2/repository/org/xmlunit/xmlunit-core/2.6.2/xmlunit-core-2.6.2.jar:"/>
    <property name="java.vm.vendor" value="Oracle Corporation"/>
    <property name="sun.arch.data.model" value="64"/>
    <property name="java.vendor.url" value="http://java.oracle.com/"/>
    <property name="user.timezone" value=""/>
    <property name="java.vm.specification.version" value="1.8"/>
    <property name="os.name" value="Mac OS X"/>
    <property name="user.country" value="US"/>
    <property name="sun.java.launcher" value="SUN_STANDARD"/>
    <property name="sun.boot.library.path" value="/Library/Java/JavaVirtualMachines/jdk1.8.0_181.jdk/Contents/Home/jre/lib"/>
    <property name="sun.java.command" value="/Users/derrickanderson/Desktop/LNL/Circuit-Breaker-To-Read-List/target/surefire/surefirebooter6768292162745523505.jar /Users/derrickanderson/Desktop/LNL/Circuit-Breaker-To-Read-List/target/surefire 2019-05-08T22-09-48_351-jvmRun1 surefire6404204579971114496tmp surefire_08995528884136185260tmp"/>
    <property name="surefire.test.class.path" value="/Users/derrickanderson/Desktop/LNL/Circuit-Breaker-To-Read-List/target/test-classes:/Users/derrickanderson/Desktop/LNL/Circuit-Breaker-To-Read-List/target/classes:/Users/derrickanderson/.m2/repository/org/springframework/boot/spring-boot-starter-actuator/2.1.1.RELEASE/spring-boot-starter-actuator-2.1.1.RELEASE.jar:/Users/derrickanderson/.m2/repository/org/springframework/boot/spring-boot-starter/2.1.1.RELEASE/spring-boot-starter-2.1.1.RELEASE.jar:/Users/derrickanderson/.m2/repository/org/springframework/boot/spring-boot/2.1.1.RELEASE/spring-boot-2.1.1.RELEASE.jar:/Users/derrickanderson/.m2/repository/org/springframework/boot/spring-boot-autoconfigure/2.1.1.RELEASE/spring-boot-autoconfigure-2.1.1.RELEASE.jar:/Users/derrickanderson/.m2/repository/org/springframework/boot/spring-boot-starter-logging/2.1.1.RELEASE/spring-boot-starter-logging-2.1.1.RELEASE.jar:/Users/derrickanderson/.m2/repository/ch/qos/logback/logback-classic/1.2.3/logback-classic-1.2.3.jar:/Users/derrickanderson/.m2/repository/ch/qos/logback/logback-core/1.2.3/logback-core-1.2.3.jar:/Users/derrickanderson/.m2/repository/org/apache/logging/log4j/log4j-to-slf4j/2.11.1/log4j-to-slf4j-2.11.1.jar:/Users/derrickanderson/.m2/repository/org/apache/logging/log4j/log4j-api/2.11.1/log4j-api-2.11.1.jar:/Users/derrickanderson/.m2/repository/org/slf4j/jul-to-slf4j/1.7.25/jul-to-slf4j-1.7.25.jar:/Users/derrickanderson/.m2/repository/javax/annotation/javax.annotation-api/1.3.2/javax.annotation-api-1.3.2.jar:/Users/derrickanderson/.m2/repository/org/yaml/snakeyaml/1.23/snakeyaml-1.23.jar:/Users/derrickanderson/.m2/repository/org/springframework/boot/spring-boot-actuator-autoconfigure/2.1.1.RELEASE/spring-boot-actuator-autoconfigure-2.1.1.RELEASE.jar:/Users/derrickanderson/.m2/repository/org/springframework/boot/spring-boot-actuator/2.1.1.RELEASE/spring-boot-actuator-2.1.1.RELEASE.jar:/Users/derrickanderson/.m2/repository/com/fasterxml/jackson/core/jackson-databind/2.9.7/jackson-databind-2.9.7.jar:/Users/derrickanderson/.m2/repository/org/springframework/spring-context/5.1.3.RELEASE/spring-context-5.1.3.RELEASE.jar:/Users/derrickanderson/.m2/repository/com/fasterxml/jackson/datatype/jackson-datatype-jsr310/2.9.7/jackson-datatype-jsr310-2.9.7.jar:/Users/derrickanderson/.m2/repository/io/micrometer/micrometer-core/1.1.1/micrometer-core-1.1.1.jar:/Users/derrickanderson/.m2/repository/org/hdrhistogram/HdrHistogram/2.1.9/HdrHistogram-2.1.9.jar:/Users/derrickanderson/.m2/repository/org/latencyutils/LatencyUtils/2.0.3/LatencyUtils-2.0.3.jar:/Users/derrickanderson/.m2/repository/org/springframework/boot/spring-boot-starter-web/2.1.1.RELEASE/spring-boot-starter-web-2.1.1.RELEASE.jar:/Users/derrickanderson/.m2/repository/org/springframework/boot/spring-boot-starter-json/2.1.1.RELEASE/spring-boot-starter-json-2.1.1.RELEASE.jar:/Users/derrickanderson/.m2/repository/com/fasterxml/jackson/datatype/jackson-datatype-jdk8/2.9.7/jackson-datatype-jdk8-2.9.7.jar:/Users/derrickanderson/.m2/repository/com/fasterxml/jackson/module/jackson-module-parameter-names/2.9.7/jackson-module-parameter-names-2.9.7.jar:/Users/derrickanderson/.m2/repository/org/springframework/boot/spring-boot-starter-tomcat/2.1.1.RELEASE/spring-boot-starter-tomcat-2.1.1.RELEASE.jar:/Users/derrickanderson/.m2/repository/org/apache/tomcat/embed/tomcat-embed-core/9.0.13/tomcat-embed-core-9.0.13.jar:/Users/derrickanderson/.m2/repository/org/apache/tomcat/embed/tomcat-embed-el/9.0.13/tomcat-embed-el-9.0.13.jar:/Users/derrickanderson/.m2/repository/org/apache/tomcat/embed/tomcat-embed-websocket/9.0.13/tomcat-embed-websocket-9.0.13.jar:/Users/derrickanderson/.m2/repository/org/hibernate/validator/hibernate-validator/6.0.13.Final/hibernate-validator-6.0.13.Final.jar:/Users/derrickanderson/.m2/repository/javax/validation/validation-api/2.0.1.Final/validation-api-2.0.1.Final.jar:/Users/derrickanderson/.m2/repository/org/jboss/logging/jboss-logging/3.3.2.Final/jboss-logging-3.3.2.Final.jar:/Users/derrickanderson/.m2/repository/com/fasterxml/classmate/1.4.0/classmate-1.4.0.jar:/Users/derrickanderson/.m2/repository/org/springframework/spring-web/5.1.3.RELEASE/spring-web-5.1.3.RELEASE.jar:/Users/derrickanderson/.m2/repository/org/springframework/spring-beans/5.1.3.RELEASE/spring-beans-5.1.3.RELEASE.jar:/Users/derrickanderson/.m2/repository/org/springframework/spring-webmvc/5.1.3.RELEASE/spring-webmvc-5.1.3.RELEASE.jar:/Users/derrickanderson/.m2/repository/org/springframework/spring-aop/5.1.3.RELEASE/spring-aop-5.1.3.RELEASE.jar:/Users/derrickanderson/.m2/repository/org/springframework/spring-expression/5.1.3.RELEASE/spring-expression-5.1.3.RELEASE.jar:/Users/derrickanderson/.m2/repository/org/springframework/cloud/spring-cloud-starter-netflix-hystrix/2.1.0.RELEASE/spring-cloud-starter-netflix-hystrix-2.1.0.RELEASE.jar:/Users/derrickanderson/.m2/repository/org/springframework/cloud/spring-cloud-starter/2.1.0.RELEASE/spring-cloud-starter-2.1.0.RELEASE.jar:/Users/derrickanderson/.m2/repository/org/springframework/cloud/spring-cloud-context/2.1.0.RELEASE/spring-cloud-context-2.1.0.RELEASE.jar:/Users/derrickanderson/.m2/repository/org/springframework/security/spring-security-crypto/5.1.2.RELEASE/spring-security-crypto-5.1.2.RELEASE.jar:/Users/derrickanderson/.m2/repository/org/springframework/cloud/spring-cloud-commons/2.1.0.RELEASE/spring-cloud-commons-2.1.0.RELEASE.jar:/Users/derrickanderson/.m2/repository/org/springframework/security/spring-security-rsa/1.0.7.RELEASE/spring-security-rsa-1.0.7.RELEASE.jar:/Users/derrickanderson/.m2/repository/org/bouncycastle/bcpkix-jdk15on/1.60/bcpkix-jdk15on-1.60.jar:/Users/derrickanderson/.m2/repository/org/bouncycastle/bcprov-jdk15on/1.60/bcprov-jdk15on-1.60.jar:/Users/derrickanderson/.m2/repository/org/springframework/cloud/spring-cloud-netflix-hystrix/2.1.0.RELEASE/spring-cloud-netflix-hystrix-2.1.0.RELEASE.jar:/Users/derrickanderson/.m2/repository/org/springframework/boot/spring-boot-starter-aop/2.1.1.RELEASE/spring-boot-starter-aop-2.1.1.RELEASE.jar:/Users/derrickanderson/.m2/repository/org/springframework/cloud/spring-cloud-netflix-ribbon/2.1.0.RELEASE/spring-cloud-netflix-ribbon-2.1.0.RELEASE.jar:/Users/derrickanderson/.m2/repository/org/springframework/cloud/spring-cloud-netflix-archaius/2.1.0.RELEASE/spring-cloud-netflix-archaius-2.1.0.RELEASE.jar:/Users/derrickanderson/.m2/repository/org/springframework/cloud/spring-cloud-starter-netflix-archaius/2.1.0.RELEASE/spring-cloud-starter-netflix-archaius-2.1.0.RELEASE.jar:/Users/derrickanderson/.m2/repository/com/netflix/archaius/archaius-core/0.7.6/archaius-core-0.7.6.jar:/Users/derrickanderson/.m2/repository/com/google/code/findbugs/jsr305/3.0.1/jsr305-3.0.1.jar:/Users/derrickanderson/.m2/repository/commons-configuration/commons-configuration/1.8/commons-configuration-1.8.jar:/Users/derrickanderson/.m2/repository/commons-lang/commons-lang/2.6/commons-lang-2.6.jar:/Users/derrickanderson/.m2/repository/com/netflix/hystrix/hystrix-core/1.5.18/hystrix-core-1.5.18.jar:/Users/derrickanderson/.m2/repository/org/slf4j/slf4j-api/1.7.25/slf4j-api-1.7.25.jar:/Users/derrickanderson/.m2/repository/io/reactivex/rxjava/1.3.8/rxjava-1.3.8.jar:/Users/derrickanderson/.m2/repository/com/netflix/hystrix/hystrix-serialization/1.5.18/hystrix-serialization-1.5.18.jar:/Users/derrickanderson/.m2/repository/com/fasterxml/jackson/module/jackson-module-afterburner/2.9.7/jackson-module-afterburner-2.9.7.jar:/Users/derrickanderson/.m2/repository/com/fasterxml/jackson/core/jackson-core/2.9.7/jackson-core-2.9.7.jar:/Users/derrickanderson/.m2/repository/com/fasterxml/jackson/core/jackson-annotations/2.9.0/jackson-annotations-2.9.0.jar:/Users/derrickanderson/.m2/repository/com/netflix/hystrix/hystrix-metrics-event-stream/1.5.18/hystrix-metrics-event-stream-1.5.18.jar:/Users/derrickanderson/.m2/repository/com/netflix/hystrix/hystrix-javanica/1.5.18/hystrix-javanica-1.5.18.jar:/Users/derrickanderson/.m2/repository/org/apache/commons/commons-lang3/3.8.1/commons-lang3-3.8.1.jar:/Users/derrickanderson/.m2/repository/org/ow2/asm/asm/5.0.4/asm-5.0.4.jar:/Users/derrickanderson/.m2/repository/org/aspectj/aspectjweaver/1.9.2/aspectjweaver-1.9.2.jar:/Users/derrickanderson/.m2/repository/com/google/guava/guava/15.0/guava-15.0.jar:/Users/derrickanderson/.m2/repository/io/reactivex/rxjava-reactive-streams/1.2.1/rxjava-reactive-streams-1.2.1.jar:/Users/derrickanderson/.m2/repository/org/reactivestreams/reactive-streams/1.0.2/reactive-streams-1.0.2.jar:/Users/derrickanderson/.m2/repository/org/springframework/cloud/spring-cloud-starter-netflix-hystrix-dashboard/2.1.0.RELEASE/spring-cloud-starter-netflix-hystrix-dashboard-2.1.0.RELEASE.jar:/Users/derrickanderson/.m2/repository/org/springframework/cloud/spring-cloud-netflix-hystrix-dashboard/2.1.0.RELEASE/spring-cloud-netflix-hystrix-dashboard-2.1.0.RELEASE.jar:/Users/derrickanderson/.m2/repository/org/springframework/boot/spring-boot-starter-freemarker/2.1.1.RELEASE/spring-boot-starter-freemarker-2.1.1.RELEASE.jar:/Users/derrickanderson/.m2/repository/org/freemarker/freemarker/2.3.28/freemarker-2.3.28.jar:/Users/derrickanderson/.m2/repository/org/springframework/spring-context-support/5.1.3.RELEASE/spring-context-support-5.1.3.RELEASE.jar:/Users/derrickanderson/.m2/repository/org/apache/httpcomponents/httpclient/4.5.6/httpclient-4.5.6.jar:/Users/derrickanderson/.m2/repository/org/apache/httpcomponents/httpcore/4.4.10/httpcore-4.4.10.jar:/Users/derrickanderson/.m2/repository/commons-codec/commons-codec/1.11/commons-codec-1.11.jar:/Users/derrickanderson/.m2/repository/org/webjars/jquery/2.1.1/jquery-2.1.1.jar:/Users/derrickanderson/.m2/repository/org/webjars/d3js/3.4.11/d3js-3.4.11.jar:/Users/derrickanderson/.m2/repository/io/pivotal/spring/cloud/spring-cloud-services-starter-circuit-breaker/2.1.2.RELEASE/spring-cloud-services-starter-circuit-breaker-2.1.2.RELEASE.jar:/Users/derrickanderson/.m2/repository/org/springframework/cloud/spring-cloud-netflix-hystrix-stream/2.1.0.RELEASE/spring-cloud-netflix-hystrix-stream-2.1.0.RELEASE.jar:/Users/derrickanderson/.m2/repository/org/springframework/cloud/spring-cloud-stream/2.1.0.RELEASE/spring-cloud-stream-2.1.0.RELEASE.jar:/Users/derrickanderson/.m2/repository/org/springframework/boot/spring-boot-starter-validation/2.1.1.RELEASE/spring-boot-starter-validation-2.1.1.RELEASE.jar:/Users/derrickanderson/.m2/repository/org/springframework/spring-messaging/5.1.3.RELEASE/spring-messaging-5.1.3.RELEASE.jar:/Users/derrickanderson/.m2/repository/org/springframework/integration/spring-integration-core/5.1.1.RELEASE/spring-integration-core-5.1.1.RELEASE.jar:/Users/derrickanderson/.m2/repository/org/springframework/spring-tx/5.1.3.RELEASE/spring-tx-5.1.3.RELEASE.jar:/Users/derrickanderson/.m2/repository/io/projectreactor/reactor-core/3.2.3.RELEASE/reactor-core-3.2.3.RELEASE.jar:/Users/derrickanderson/.m2/repository/org/springframework/integration/spring-integration-jmx/5.1.1.RELEASE/spring-integration-jmx-5.1.1.RELEASE.jar:/Users/derrickanderson/.m2/repository/org/springframework/spring-tuple/1.0.0.RELEASE/spring-tuple-1.0.0.RELEASE.jar:/Users/derrickanderson/.m2/repository/com/esotericsoftware/kryo-shaded/3.0.3/kryo-shaded-3.0.3.jar:/Users/derrickanderson/.m2/repository/com/esotericsoftware/minlog/1.3.0/minlog-1.3.0.jar:/Users/derrickanderson/.m2/repository/org/springframework/integration/spring-integration-tuple/1.0.0.RELEASE/spring-integration-tuple-1.0.0.RELEASE.jar:/Users/derrickanderson/.m2/repository/org/springframework/retry/spring-retry/1.2.2.RELEASE/spring-retry-1.2.2.RELEASE.jar:/Users/derrickanderson/.m2/repository/org/springframework/cloud/spring-cloud-function-context/2.0.0.RELEASE/spring-cloud-function-context-2.0.0.RELEASE.jar:/Users/derrickanderson/.m2/repository/org/springframework/cloud/spring-cloud-function-core/2.0.0.RELEASE/spring-cloud-function-core-2.0.0.RELEASE.jar:/Users/derrickanderson/.m2/repository/org/springframework/cloud/spring-cloud-starter-stream-rabbit/2.1.0.RELEASE/spring-cloud-starter-stream-rabbit-2.1.0.RELEASE.jar:/Users/derrickanderson/.m2/repository/org/springframework/cloud/spring-cloud-stream-binder-rabbit/2.1.0.RELEASE/spring-cloud-stream-binder-rabbit-2.1.0.RELEASE.jar:/Users/derrickanderson/.m2/repository/org/springframework/cloud/spring-cloud-stream-binder-rabbit-core/2.1.0.RELEASE/spring-cloud-stream-binder-rabbit-core-2.1.0.RELEASE.jar:/Users/derrickanderson/.m2/repository/com/rabbitmq/http-client/2.1.0.RELEASE/http-client-2.1.0.RELEASE.jar:/Users/derrickanderson/.m2/repository/org/springframework/boot/spring-boot-starter-amqp/2.1.1.RELEASE/spring-boot-starter-amqp-2.1.1.RELEASE.jar:/Users/derrickanderson/.m2/repository/org/springframework/amqp/spring-rabbit/2.1.2.RELEASE/spring-rabbit-2.1.2.RELEASE.jar:/Users/derrickanderson/.m2/repository/org/springframework/amqp/spring-amqp/2.1.2.RELEASE/spring-amqp-2.1.2.RELEASE.jar:/Users/derrickanderson/.m2/repository/com/rabbitmq/amqp-client/5.4.3/amqp-client-5.4.3.jar:/Users/derrickanderson/.m2/repository/org/springframework/integration/spring-integration-amqp/5.1.1.RELEASE/spring-integration-amqp-5.1.1.RELEASE.jar:/Users/derrickanderson/.m2/repository/io/pivotal/spring/cloud/spring-cloud-services-cloudfoundry-connector/2.1.1.RELEASE/spring-cloud-services-cloudfoundry-connector-2.1.1.RELEASE.jar:/Users/derrickanderson/.m2/repository/io/pivotal/spring/cloud/spring-cloud-services-connector-core/2.1.1.RELEASE/spring-cloud-services-connector-core-2.1.1.RELEASE.jar:/Users/derrickanderson/.m2/repository/org/springframework/cloud/spring-cloud-connectors-core/2.0.4.RELEASE/spring-cloud-connectors-core-2.0.4.RELEASE.jar:/Users/derrickanderson/.m2/repository/org/springframework/cloud/spring-cloud-cloudfoundry-connector/2.0.4.RELEASE/spring-cloud-cloudfoundry-connector-2.0.4.RELEASE.jar:/Users/derrickanderson/.m2/repository/io/pivotal/spring/cloud/spring-cloud-services-spring-connector/2.1.1.RELEASE/spring-cloud-services-spring-connector-2.1.1.RELEASE.jar:/Users/derrickanderson/.m2/repository/org/springframework/cloud/spring-cloud-spring-service-connector/2.0.4.RELEASE/spring-cloud-spring-service-connector-2.0.4.RELEASE.jar:/Users/derrickanderson/.m2/repository/io/pivotal/spring/cloud/cloudfoundry-certificate-truster/1.0.1.RELEASE/cloudfoundry-certificate-truster-1.0.1.RELEASE.jar:/Users/derrickanderson/.m2/repository/org/springframework/boot/spring-boot-starter-test/2.1.1.RELEASE/spring-boot-starter-test-2.1.1.RELEASE.jar:/Users/derrickanderson/.m2/repository/org/springframework/boot/spring-boot-test/2.1.1.RELEASE/spring-boot-test-2.1.1.RELEASE.jar:/Users/derrickanderson/.m2/repository/org/springframework/boot/spring-boot-test-autoconfigure/2.1.1.RELEASE/spring-boot-test-autoconfigure-2.1.1.RELEASE.jar:/Users/derrickanderson/.m2/repository/com/jayway/jsonpath/json-path/2.4.0/json-path-2.4.0.jar:/Users/derrickanderson/.m2/repository/net/minidev/json-smart/2.3/json-smart-2.3.jar:/Users/derrickanderson/.m2/repository/net/minidev/accessors-smart/1.2/accessors-smart-1.2.jar:/Users/derrickanderson/.m2/repository/junit/junit/4.12/junit-4.12.jar:/Users/derrickanderson/.m2/repository/org/assertj/assertj-core/3.11.1/assertj-core-3.11.1.jar:/Users/derrickanderson/.m2/repository/org/mockito/mockito-core/2.23.4/mockito-core-2.23.4.jar:/Users/derrickanderson/.m2/repository/net/bytebuddy/byte-buddy/1.9.5/byte-buddy-1.9.5.jar:/Users/derrickanderson/.m2/repository/net/bytebuddy/byte-buddy-agent/1.9.5/byte-buddy-agent-1.9.5.jar:/Users/derrickanderson/.m2/repository/org/objenesis/objenesis/2.6/objenesis-2.6.jar:/Users/derrickanderson/.m2/repository/org/hamcrest/hamcrest-core/1.3/hamcrest-core-1.3.jar:/Users/derrickanderson/.m2/repository/org/hamcrest/hamcrest-library/1.3/hamcrest-library-1.3.jar:/Users/derrickanderson/.m2/repository/org/skyscreamer/jsonassert/1.5.0/jsonassert-1.5.0.jar:/Users/derrickanderson/.m2/repository/com/vaadin/external/google/android-json/0.0.20131108.vaadin1/android-json-0.0.20131108.vaadin1.jar:/Users/derrickanderson/.m2/repository/org/springframework/spring-core/5.1.3.RELEASE/spring-core-5.1.3.RELEASE.jar:/Users/derrickanderson/.m2/repository/org/springframework/spring-jcl/5.1.3.RELEASE/spring-jcl-5.1.3.RELEASE.jar:/Users/derrickanderson/.m2/repository/org/springframework/spring-test/5.1.3.RELEASE/spring-test-5.1.3.RELEASE.jar:/Users/derrickanderson/.m2/repository/org/xmlunit/xmlunit-core/2.6.2/xmlunit-core-2.6.2.jar:"/>
    <property name="sun.cpu.endian" value="little"/>
    <property name="user.home" value="/Users/derrickanderson"/>
    <property name="user.language" value="en"/>
    <property name="java.specification.vendor" value="Oracle Corporation"/>
    <property name="java.home" value="/Library/Java/JavaVirtualMachines/jdk1.8.0_181.jdk/Contents/Home/jre"/>
    <property name="basedir" value="/Users/derrickanderson/Desktop/LNL/Circuit-Breaker-To-Read-List"/>
    <property name="file.separator" value="/"/>
    <property name="line.separator" value="&#10;"/>
    <property name="java.vm.specification.vendor" value="Oracle Corporation"/>
    <property name="java.specification.name" value="Java Platform API Specification"/>
    <property name="java.awt.graphicsenv" value="sun.awt.CGraphicsEnvironment"/>
    <property name="surefire.real.class.path" value="/Users/derrickanderson/Desktop/LNL/Circuit-Breaker-To-Read-List/target/surefire/surefirebooter6768292162745523505.jar"/>
    <property name="sun.boot.class.path" value="/Library/Java/JavaVirtualMachines/jdk1.8.0_181.jdk/Contents/Home/jre/lib/resources.jar:/Library/Java/JavaVirtualMachines/jdk1.8.0_181.jdk/Contents/Home/jre/lib/rt.jar:/Library/Java/JavaVirtualMachines/jdk1.8.0_181.jdk/Contents/Home/jre/lib/sunrsasign.jar:/Library/Java/JavaVirtualMachines/jdk1.8.0_181.jdk/Contents/Home/jre/lib/jsse.jar:/Library/Java/JavaVirtualMachines/jdk1.8.0_181.jdk/Contents/Home/jre/lib/jce.jar:/Library/Java/JavaVirtualMachines/jdk1.8.0_181.jdk/Contents/Home/jre/lib/charsets.jar:/Library/Java/JavaVirtualMachines/jdk1.8.0_181.jdk/Contents/Home/jre/lib/jfr.jar:/Library/Java/JavaVirtualMachines/jdk1.8.0_181.jdk/Contents/Home/jre/classes"/>
    <property name="sun.management.compiler" value="HotSpot 64-Bit Tiered Compilers"/>
    <property name="java.runtime.version" value="1.8.0_181-b13"/>
    <property name="user.name" value="derrickanderson"/>
    <property name="path.separator" value=":"/>
    <property name="os.version" value="10.14.4"/>
    <property name="java.endorsed.dirs" value="/Library/Java/JavaVirtualMachines/jdk1.8.0_181.jdk/Contents/Home/jre/lib/endorsed"/>
    <property name="java.runtime.name" value="Java(TM) SE Runtime Environment"/>
    <property name="file.encoding" value="UTF-8"/>
    <property name="java.vm.name" value="Java HotSpot(TM) 64-Bit Server VM"/>
    <property name="localRepository" value="/Users/derrickanderson/.m2/repository"/>
    <property name="java.vendor.url.bug" value="http://bugreport.sun.com/bugreport/"/>
    <property name="java.io.tmpdir" value="/var/folders/xt/n9r4q93s4jj9bg3_qj8nynk00000gn/T/"/>
    <property name="java.version" value="1.8.0_181"/>
    <property name="user.dir" value="/Users/derrickanderson/Desktop/LNL/Circuit-Breaker-To-Read-List"/>
    <property name="os.arch" value="x86_64"/>
    <property name="java.vm.specification.name" value="Java Virtual Machine Specification"/>
    <property name="java.awt.printerjob" value="sun.lwawt.macosx.CPrinterJob"/>
    <property name="sun.os.patch.level" value="unknown"/>
    <property name="java.library.path" value="/Users/derrickanderson/Library/Java/Extensions:/Library/Java/Extensions:/Network/Library/Java/Extensions:/System/Library/Java/Extensions:/usr/lib/java:."/>
    <property name="java.vm.info" value="mixed mode"/>
    <property name="java.vendor" value="Oracle Corporation"/>
    <property name="java.vm.version" value="25.181-b13"/>
    <property name="java.ext.dirs" value="/Users/derrickanderson/Library/Java/Extensions:/Library/Java/JavaVirtualMachines/jdk1.8.0_181.jdk/Contents/Home/jre/lib/ext:/Library/Java/Extensions:/Network/Library/Java/Extensions:/System/Library/Java/Extensions:/usr/lib/java"/>
    <property name="sun.io.unicode.encoding" value="UnicodeBig"/>
    <property name="java.class.version" value="52.0"/>
  </properties>
  <testcase name="contextLoads" classname="com.peter.circuitbreakermicroservice.CircuitBreakerMicroserviceApplicationTests" time="0.125"/>
</testsuite>